<?xml version="1.0" encoding="UTF-8"?>
<!-- Generated by org.testng.reporters.JUnitReportReporter -->
<testsuite hostname="LAPTOP-M6SQM49K" failures="0" tests="4" name="mvn.MainTest" time="55.209" errors="0" timestamp="2024-02-03T14:53:12 IST" skipped="0">
  <testcase classname="mvn.MainTest" name="Registation" time="26.285"/>
  <system-out/>
  <testcase classname="mvn.MainTest" name="login" time="7.979"/>
  <system-out/>
  <testcase classname="mvn.MainTest" name="Sidemenu" time="18.751"/>
  <system-out/>
  <testcase classname="mvn.MainTest" name="ss" time="2.194"/>
  <system-out/>
</testsuite> <!-- mvn.MainTest -->
